2026-04-01 02:55:05,513 - INFO - Парсер инициализирован
2026-04-01 02:55:18,291 - INFO - Парсинг страницы 1
2026-04-01 02:55:18,724 - INFO - https://stopgame.ru/review: найдено 18 статей, извлечено 18 обзоров
2026-04-01 02:55:18,757 - INFO - Всего страниц: 3, начинаем с 2
2026-04-01 02:55:19,757 - INFO - Страница 2/3
2026-04-01 02:55:19,964 - INFO - https://stopgame.ru/review/p2: найдено 18 статей, извлечено 18 обзоров
2026-04-01 02:55:19,965 - INFO - Собрано 18 обзоров, всего 36
2026-04-01 02:55:20,966 - INFO - Страница 3/3
2026-04-01 02:55:21,172 - INFO - https://stopgame.ru/review/p3: найдено 18 статей, извлечено 18 обзоров
2026-04-01 02:55:21,174 - INFO - Собрано 18 обзоров, всего 54
2026-04-01 02:55:21,174 - INFO - Завершено за 2.88 сек, собрано 54 обзоров
2026-04-01 02:55:21,175 - INFO - Сохранено 54 обзоров в stopgame_reviews.json
2026-04-01 02:55:21,178 - INFO - Сохранено 54 обзоров в stopgame_reviews.csv
2026-04-01 03:03:55,694 - INFO - Парсер инициализирован
2026-04-01 03:03:58,727 - INFO - Всего страниц: 234, начинаем с 4
2026-04-01 03:03:59,727 - INFO - Страница 4/234
2026-04-01 03:04:00,138 - INFO - https://stopgame.ru/review/p4: найдено 18 статей, извлечено 18 обзоров
2026-04-01 03:04:00,139 - INFO - Собрано 18 обзоров, всего 72
2026-04-01 03:04:01,140 - INFO - Страница 5/234
2026-04-01 03:04:01,345 - INFO - https://stopgame.ru/review/p5: найдено 18 статей, извлечено 18 обзоров
2026-04-01 03:04:01,346 - INFO - Собрано 18 обзоров, всего 90
2026-04-01 03:04:02,347 - INFO - Страница 6/234
2026-04-01 03:04:02,558 - INFO - https://stopgame.ru/review/p6: найдено 18 статей, извлечено 18 обзоров
2026-04-01 03:04:02,560 - INFO - Собрано 18 обзоров, всего 108
2026-04-01 03:04:03,560 - INFO - Страница 7/234
2026-04-01 03:04:03,775 - INFO - https://stopgame.ru/review/p7: найдено 18 статей, извлечено 18 обзоров
2026-04-01 03:04:03,777 - INFO - Собрано 18 обзоров, всего 126
2026-04-01 03:04:04,777 - INFO - Страница 8/234
2026-04-01 03:04:04,997 - INFO - https://stopgame.ru/review/p8: найдено 18 статей, извлечено 18 обзоров
2026-04-01 03:04:04,999 - INFO - Собрано 18 обзоров, всего 144
2026-04-01 03:04:06,000 - INFO - Страница 9/234
2026-04-01 03:04:06,318 - INFO - https://stopgame.ru/review/p9: найдено 18 статей, извлечено 18 обзоров
2026-04-01 03:04:06,320 - INFO - Собрано 18 обзоров, всего 162
2026-04-01 03:04:07,321 - INFO - Страница 10/234
2026-04-01 03:04:07,539 - INFO - https://stopgame.ru/review/p10: найдено 18 статей, извлечено 18 обзоров
2026-04-01 03:04:07,541 - INFO - Собрано 18 обзоров, всего 180
2026-04-01 03:04:08,542 - INFO - Страница 11/234
2026-04-01 03:04:08,757 - INFO - https://stopgame.ru/review/p11: найдено 18 статей, извлечено 18 обзоров
2026-04-01 03:04:08,759 - INFO - Собрано 18 обзоров, всего 198
2026-04-01 03:04:09,760 - INFO - Страница 12/234
2026-04-01 03:04:10,046 - INFO - https://stopgame.ru/review/p12: найдено 18 статей, извлечено 18 обзоров
2026-04-01 03:04:10,048 - INFO - Собрано 18 обзоров, всего 216
2026-04-01 03:04:11,048 - INFO - Страница 13/234
2026-04-01 03:04:11,279 - INFO - https://stopgame.ru/review/p13: найдено 18 статей, извлечено 18 обзоров
2026-04-01 03:04:11,281 - INFO - Собрано 18 обзоров, всего 234
2026-04-01 03:04:12,281 - INFO - Страница 14/234
2026-04-01 03:04:12,507 - INFO - https://stopgame.ru/review/p14: найдено 18 статей, извлечено 18 обзоров
2026-04-01 03:04:12,509 - INFO - Собрано 18 обзоров, всего 252
2026-04-01 03:04:13,510 - INFO - Страница 15/234
2026-04-01 03:04:14,455 - INFO - https://stopgame.ru/review/p15: найдено 18 статей, извлечено 18 обзоров
2026-04-01 03:04:14,458 - INFO - Собрано 18 обзоров, всего 270
2026-04-01 03:04:15,458 - INFO - Страница 16/234
2026-04-01 03:04:15,656 - INFO - https://stopgame.ru/review/p16: найдено 18 статей, извлечено 18 обзоров
2026-04-01 03:04:15,659 - INFO - Собрано 18 обзоров, всего 288
2026-04-01 03:04:16,659 - INFO - Страница 17/234
2026-04-01 03:04:16,868 - INFO - https://stopgame.ru/review/p17: найдено 18 статей, извлечено 18 обзоров
2026-04-01 03:04:16,871 - INFO - Собрано 18 обзоров, всего 306
2026-04-01 03:04:17,872 - INFO - Страница 18/234
2026-04-01 03:04:18,072 - INFO - https://stopgame.ru/review/p18: найдено 18 статей, извлечено 18 обзоров
2026-04-01 03:04:18,075 - INFO - Собрано 18 обзоров, всего 324
2026-04-01 03:04:19,075 - INFO - Страница 19/234
2026-04-01 03:04:19,271 - INFO - https://stopgame.ru/review/p19: найдено 18 статей, извлечено 18 обзоров
2026-04-01 03:04:19,275 - INFO - Собрано 18 обзоров, всего 342
2026-04-01 03:04:20,275 - INFO - Страница 20/234
2026-04-01 03:04:20,469 - INFO - https://stopgame.ru/review/p20: найдено 18 статей, извлечено 18 обзоров
2026-04-01 03:04:20,472 - INFO - Собрано 18 обзоров, всего 360
2026-04-01 03:04:21,472 - INFO - Страница 21/234
2026-04-01 03:04:21,673 - INFO - https://stopgame.ru/review/p21: найдено 18 статей, извлечено 18 обзоров
2026-04-01 03:04:21,677 - INFO - Собрано 18 обзоров, всего 378
2026-04-01 03:04:22,677 - INFO - Страница 22/234
2026-04-01 03:04:22,881 - INFO - https://stopgame.ru/review/p22: найдено 18 статей, извлечено 18 обзоров
2026-04-01 03:04:22,884 - INFO - Собрано 18 обзоров, всего 396
2026-04-01 03:04:23,884 - INFO - Страница 23/234
2026-04-01 03:04:24,080 - INFO - https://stopgame.ru/review/p23: найдено 18 статей, извлечено 18 обзоров
2026-04-01 03:04:24,084 - INFO - Собрано 18 обзоров, всего 414
2026-04-01 03:04:25,084 - INFO - Страница 24/234
2026-04-01 03:04:25,363 - INFO - https://stopgame.ru/review/p24: найдено 18 статей, извлечено 18 обзоров
2026-04-01 03:04:25,367 - INFO - Собрано 18 обзоров, всего 432
2026-04-01 03:04:26,368 - INFO - Страница 25/234
2026-04-01 03:04:26,581 - INFO - https://stopgame.ru/review/p25: найдено 18 статей, извлечено 18 обзоров
2026-04-01 03:04:26,585 - INFO - Собрано 18 обзоров, всего 450
2026-04-01 03:04:27,585 - INFO - Страница 26/234
2026-04-01 03:04:27,775 - INFO - https://stopgame.ru/review/p26: найдено 18 статей, извлечено 18 обзоров
2026-04-01 03:04:27,779 - INFO - Собрано 18 обзоров, всего 468
2026-04-01 03:04:28,780 - INFO - Страница 27/234
2026-04-01 03:04:28,971 - INFO - https://stopgame.ru/review/p27: найдено 18 статей, извлечено 18 обзоров
2026-04-01 03:04:28,976 - INFO - Собрано 18 обзоров, всего 486
2026-04-01 03:04:29,976 - INFO - Страница 28/234
2026-04-01 03:04:30,174 - INFO - https://stopgame.ru/review/p28: найдено 18 статей, извлечено 18 обзоров
2026-04-01 03:04:30,178 - INFO - Собрано 18 обзоров, всего 504
2026-04-01 03:04:31,178 - INFO - Страница 29/234
2026-04-01 03:04:31,376 - INFO - https://stopgame.ru/review/p29: найдено 18 статей, извлечено 18 обзоров
2026-04-01 03:04:31,380 - INFO - Собрано 18 обзоров, всего 522
2026-04-01 03:04:32,381 - INFO - Страница 30/234
2026-04-01 03:04:32,588 - INFO - https://stopgame.ru/review/p30: найдено 18 статей, извлечено 18 обзоров
2026-04-01 03:04:32,593 - INFO - Собрано 18 обзоров, всего 540
2026-04-01 03:04:33,594 - INFO - Страница 31/234
2026-04-01 03:04:33,785 - INFO - https://stopgame.ru/review/p31: найдено 18 статей, извлечено 18 обзоров
2026-04-01 03:04:33,790 - INFO - Собрано 18 обзоров, всего 558
2026-04-01 03:04:34,790 - INFO - Страница 32/234
2026-04-01 03:04:34,985 - INFO - https://stopgame.ru/review/p32: найдено 18 статей, извлечено 18 обзоров
2026-04-01 03:04:34,990 - INFO - Собрано 18 обзоров, всего 576
2026-04-01 03:04:35,991 - INFO - Страница 33/234
2026-04-01 03:04:36,221 - INFO - https://stopgame.ru/review/p33: найдено 18 статей, извлечено 18 обзоров
2026-04-01 03:04:36,226 - INFO - Собрано 18 обзоров, всего 594
2026-04-01 03:04:37,226 - INFO - Страница 34/234
2026-04-01 03:04:37,421 - INFO - https://stopgame.ru/review/p34: найдено 18 статей, извлечено 18 обзоров
2026-04-01 03:04:37,426 - INFO - Собрано 18 обзоров, всего 612
2026-04-01 03:04:38,426 - INFO - Страница 35/234
2026-04-01 03:04:38,623 - INFO - https://stopgame.ru/review/p35: найдено 18 статей, извлечено 18 обзоров
2026-04-01 03:04:38,628 - INFO - Собрано 18 обзоров, всего 630
2026-04-01 03:04:39,628 - INFO - Страница 36/234
2026-04-01 03:04:39,835 - INFO - https://stopgame.ru/review/p36: найдено 18 статей, извлечено 18 обзоров
2026-04-01 03:04:39,841 - INFO - Собрано 18 обзоров, всего 648
2026-04-01 03:04:40,842 - INFO - Страница 37/234
2026-04-01 03:04:41,042 - INFO - https://stopgame.ru/review/p37: найдено 18 статей, извлечено 18 обзоров
2026-04-01 03:04:41,048 - INFO - Собрано 18 обзоров, всего 666
2026-04-01 03:04:42,048 - INFO - Страница 38/234
2026-04-01 03:04:42,237 - INFO - https://stopgame.ru/review/p38: найдено 18 статей, извлечено 18 обзоров
2026-04-01 03:04:42,243 - INFO - Собрано 18 обзоров, всего 684
2026-04-01 03:04:43,243 - INFO - Страница 39/234
2026-04-01 03:04:43,438 - INFO - https://stopgame.ru/review/p39: найдено 18 статей, извлечено 18 обзоров
2026-04-01 03:04:43,444 - INFO - Собрано 18 обзоров, всего 702
2026-04-01 03:04:44,444 - INFO - Страница 40/234
2026-04-01 03:04:44,633 - INFO - https://stopgame.ru/review/p40: найдено 18 статей, извлечено 18 обзоров
2026-04-01 03:04:44,638 - INFO - Собрано 18 обзоров, всего 720
2026-04-01 03:04:45,639 - INFO - Страница 41/234
2026-04-01 03:04:45,842 - INFO - https://stopgame.ru/review/p41: найдено 18 статей, извлечено 18 обзоров
2026-04-01 03:04:45,848 - INFO - Собрано 18 обзоров, всего 738
2026-04-01 03:04:46,849 - INFO - Страница 42/234
2026-04-01 03:04:47,055 - INFO - https://stopgame.ru/review/p42: найдено 18 статей, извлечено 18 обзоров
2026-04-01 03:04:47,061 - INFO - Собрано 18 обзоров, всего 756
2026-04-01 03:04:48,061 - INFO - Страница 43/234
2026-04-01 03:04:48,264 - INFO - https://stopgame.ru/review/p43: найдено 18 статей, извлечено 18 обзоров
2026-04-01 03:04:48,270 - INFO - Собрано 18 обзоров, всего 774
2026-04-01 03:04:49,270 - INFO - Страница 44/234
2026-04-01 03:04:49,468 - INFO - https://stopgame.ru/review/p44: найдено 18 статей, извлечено 18 обзоров
2026-04-01 03:04:49,474 - INFO - Собрано 18 обзоров, всего 792
2026-04-01 03:04:50,475 - INFO - Страница 45/234
2026-04-01 03:04:50,677 - INFO - https://stopgame.ru/review/p45: найдено 18 статей, извлечено 18 обзоров
2026-04-01 03:04:50,684 - INFO - Собрано 18 обзоров, всего 810
2026-04-01 03:04:51,684 - INFO - Страница 46/234
2026-04-01 03:04:51,891 - INFO - https://stopgame.ru/review/p46: найдено 18 статей, извлечено 18 обзоров
2026-04-01 03:04:51,898 - INFO - Собрано 18 обзоров, всего 828
2026-04-01 03:04:52,899 - INFO - Страница 47/234
2026-04-01 03:04:53,097 - INFO - https://stopgame.ru/review/p47: найдено 18 статей, извлечено 18 обзоров
2026-04-01 03:04:53,104 - INFO - Собрано 18 обзоров, всего 846
2026-04-01 03:04:54,105 - INFO - Страница 48/234
2026-04-01 03:04:54,305 - INFO - https://stopgame.ru/review/p48: найдено 18 статей, извлечено 18 обзоров
2026-04-01 03:04:54,312 - INFO - Собрано 18 обзоров, всего 864
2026-04-01 03:04:55,312 - INFO - Страница 49/234
2026-04-01 03:04:55,530 - INFO - https://stopgame.ru/review/p49: найдено 18 статей, извлечено 18 обзоров
2026-04-01 03:04:55,538 - INFO - Собрано 18 обзоров, всего 882
2026-04-01 03:04:56,538 - INFO - Страница 50/234
2026-04-01 03:04:56,757 - INFO - https://stopgame.ru/review/p50: найдено 18 статей, извлечено 18 обзоров
2026-04-01 03:04:56,764 - INFO - Собрано 18 обзоров, всего 900
2026-04-01 03:04:57,765 - INFO - Страница 51/234
2026-04-01 03:04:57,976 - INFO - https://stopgame.ru/review/p51: найдено 18 статей, извлечено 18 обзоров
2026-04-01 03:04:57,986 - INFO - Собрано 18 обзоров, всего 918
2026-04-01 03:04:58,987 - INFO - Страница 52/234
2026-04-01 03:04:59,204 - INFO - https://stopgame.ru/review/p52: найдено 18 статей, извлечено 18 обзоров
2026-04-01 03:04:59,211 - INFO - Собрано 18 обзоров, всего 936
2026-04-01 03:05:00,212 - INFO - Страница 53/234
2026-04-01 03:05:00,432 - INFO - https://stopgame.ru/review/p53: найдено 18 статей, извлечено 18 обзоров
2026-04-01 03:05:00,440 - INFO - Собрано 18 обзоров, всего 954
2026-04-01 03:05:01,440 - INFO - Страница 54/234
2026-04-01 03:05:01,642 - INFO - https://stopgame.ru/review/p54: найдено 18 статей, извлечено 18 обзоров
2026-04-01 03:05:01,650 - INFO - Собрано 18 обзоров, всего 972
2026-04-01 03:05:02,650 - INFO - Страница 55/234
2026-04-01 03:05:02,848 - INFO - https://stopgame.ru/review/p55: найдено 18 статей, извлечено 18 обзоров
2026-04-01 03:05:02,856 - INFO - Собрано 18 обзоров, всего 990
2026-04-01 03:05:03,857 - INFO - Страница 56/234
2026-04-01 03:05:04,052 - INFO - https://stopgame.ru/review/p56: найдено 18 статей, извлечено 18 обзоров
2026-04-01 03:05:04,060 - INFO - Собрано 18 обзоров, всего 1008
2026-04-01 03:05:05,061 - INFO - Страница 57/234
2026-04-01 03:05:05,251 - INFO - https://stopgame.ru/review/p57: найдено 18 статей, извлечено 18 обзоров
2026-04-01 03:05:05,259 - INFO - Собрано 18 обзоров, всего 1026
2026-04-01 03:05:06,259 - INFO - Страница 58/234
2026-04-01 03:05:06,449 - INFO - https://stopgame.ru/review/p58: найдено 18 статей, извлечено 18 обзоров
2026-04-01 03:05:06,458 - INFO - Собрано 18 обзоров, всего 1044
2026-04-01 03:05:07,458 - INFO - Страница 59/234
2026-04-01 03:05:07,648 - INFO - https://stopgame.ru/review/p59: найдено 18 статей, извлечено 18 обзоров
2026-04-01 03:05:07,656 - INFO - Собрано 18 обзоров, всего 1062
2026-04-01 03:05:08,657 - INFO - Страница 60/234
2026-04-01 03:05:08,860 - INFO - https://stopgame.ru/review/p60: найдено 18 статей, извлечено 18 обзоров
2026-04-01 03:05:08,869 - INFO - Собрано 18 обзоров, всего 1080
2026-04-01 03:05:09,869 - INFO - Страница 61/234
2026-04-01 03:05:10,063 - INFO - https://stopgame.ru/review/p61: найдено 18 статей, извлечено 18 обзоров
2026-04-01 03:05:10,072 - INFO - Собрано 18 обзоров, всего 1098
2026-04-01 03:05:11,072 - INFO - Страница 62/234
2026-04-01 03:05:11,279 - INFO - https://stopgame.ru/review/p62: найдено 18 статей, извлечено 18 обзоров
2026-04-01 03:05:11,288 - INFO - Собрано 18 обзоров, всего 1116
2026-04-01 03:05:12,288 - INFO - Страница 63/234
2026-04-01 03:05:12,494 - INFO - https://stopgame.ru/review/p63: найдено 18 статей, извлечено 18 обзоров
2026-04-01 03:05:12,503 - INFO - Собрано 18 обзоров, всего 1134
2026-04-01 03:05:13,504 - INFO - Страница 64/234
2026-04-01 03:05:13,716 - INFO - https://stopgame.ru/review/p64: найдено 18 статей, извлечено 18 обзоров
2026-04-01 03:05:13,725 - INFO - Собрано 18 обзоров, всего 1152
2026-04-01 03:05:14,726 - INFO - Страница 65/234
2026-04-01 03:05:14,997 - INFO - https://stopgame.ru/review/p65: найдено 18 статей, извлечено 18 обзоров
2026-04-01 03:05:15,007 - INFO - Собрано 18 обзоров, всего 1170
2026-04-01 03:05:16,008 - INFO - Страница 66/234
2026-04-01 03:05:16,212 - INFO - https://stopgame.ru/review/p66: найдено 18 статей, извлечено 18 обзоров
2026-04-01 03:05:16,221 - INFO - Собрано 18 обзоров, всего 1188
2026-04-01 03:05:17,221 - INFO - Страница 67/234
2026-04-01 03:05:17,426 - INFO - https://stopgame.ru/review/p67: найдено 18 статей, извлечено 18 обзоров
2026-04-01 03:05:17,436 - INFO - Собрано 18 обзоров, всего 1206
2026-04-01 03:05:18,436 - INFO - Страница 68/234
2026-04-01 03:05:18,646 - INFO - https://stopgame.ru/review/p68: найдено 18 статей, извлечено 18 обзоров
2026-04-01 03:05:18,655 - INFO - Собрано 18 обзоров, всего 1224
2026-04-01 03:05:19,656 - INFO - Страница 69/234
2026-04-01 03:05:19,868 - INFO - https://stopgame.ru/review/p69: найдено 18 статей, извлечено 18 обзоров
2026-04-01 03:05:19,878 - INFO - Собрано 18 обзоров, всего 1242
2026-04-01 03:05:20,879 - INFO - Страница 70/234
2026-04-01 03:05:21,089 - INFO - https://stopgame.ru/review/p70: найдено 18 статей, извлечено 18 обзоров
2026-04-01 03:05:21,099 - INFO - Собрано 18 обзоров, всего 1260
2026-04-01 03:05:22,100 - INFO - Страница 71/234
2026-04-01 03:05:22,295 - INFO - https://stopgame.ru/review/p71: найдено 18 статей, извлечено 18 обзоров
2026-04-01 03:05:22,306 - INFO - Собрано 18 обзоров, всего 1278
2026-04-01 03:05:23,307 - INFO - Страница 72/234
2026-04-01 03:05:23,499 - INFO - https://stopgame.ru/review/p72: найдено 18 статей, извлечено 18 обзоров
2026-04-01 03:05:23,509 - INFO - Собрано 18 обзоров, всего 1296
2026-04-01 03:05:24,509 - INFO - Страница 73/234
2026-04-01 03:05:24,703 - INFO - https://stopgame.ru/review/p73: найдено 18 статей, извлечено 18 обзоров
2026-04-01 03:05:24,714 - INFO - Собрано 18 обзоров, всего 1314
2026-04-01 03:05:25,714 - INFO - Страница 74/234
2026-04-01 03:05:25,915 - INFO - https://stopgame.ru/review/p74: найдено 18 статей, извлечено 18 обзоров
2026-04-01 03:05:25,926 - INFO - Собрано 18 обзоров, всего 1332
2026-04-01 03:05:26,926 - INFO - Страница 75/234
2026-04-01 03:05:27,135 - INFO - https://stopgame.ru/review/p75: найдено 18 статей, извлечено 18 обзоров
2026-04-01 03:05:27,145 - INFO - Собрано 18 обзоров, всего 1350
2026-04-01 03:05:28,145 - INFO - Страница 76/234
2026-04-01 03:05:28,353 - INFO - https://stopgame.ru/review/p76: найдено 18 статей, извлечено 18 обзоров
2026-04-01 03:05:28,364 - INFO - Собрано 18 обзоров, всего 1368
2026-04-01 03:05:29,364 - INFO - Страница 77/234
2026-04-01 03:05:29,563 - INFO - https://stopgame.ru/review/p77: найдено 18 статей, извлечено 18 обзоров
2026-04-01 03:05:29,573 - INFO - Собрано 18 обзоров, всего 1386
2026-04-01 03:05:30,574 - INFO - Страница 78/234
2026-04-01 03:05:30,792 - INFO - https://stopgame.ru/review/p78: найдено 18 статей, извлечено 18 обзоров
2026-04-01 03:05:30,803 - INFO - Собрано 18 обзоров, всего 1404
2026-04-01 03:05:31,804 - INFO - Страница 79/234
2026-04-01 03:05:32,011 - INFO - https://stopgame.ru/review/p79: найдено 18 статей, извлечено 18 обзоров
2026-04-01 03:05:32,022 - INFO - Собрано 18 обзоров, всего 1422
2026-04-01 03:05:33,022 - INFO - Страница 80/234
2026-04-01 03:05:33,238 - INFO - https://stopgame.ru/review/p80: найдено 18 статей, извлечено 18 обзоров
2026-04-01 03:05:33,249 - INFO - Собрано 18 обзоров, всего 1440
2026-04-01 03:05:34,249 - INFO - Страница 81/234
2026-04-01 03:05:34,497 - INFO - https://stopgame.ru/review/p81: найдено 18 статей, извлечено 18 обзоров
2026-04-01 03:05:34,508 - INFO - Собрано 18 обзоров, всего 1458
2026-04-01 03:05:35,508 - INFO - Страница 82/234
2026-04-01 03:05:35,721 - INFO - https://stopgame.ru/review/p82: найдено 18 статей, извлечено 18 обзоров
2026-04-01 03:05:35,733 - INFO - Собрано 18 обзоров, всего 1476
2026-04-01 03:05:36,733 - INFO - Страница 83/234
2026-04-01 03:05:37,392 - INFO - https://stopgame.ru/review/p83: найдено 18 статей, извлечено 18 обзоров
2026-04-01 03:05:37,404 - INFO - Собрано 18 обзоров, всего 1494
2026-04-01 03:05:38,404 - INFO - Страница 84/234
2026-04-01 03:05:38,626 - INFO - https://stopgame.ru/review/p84: найдено 18 статей, извлечено 18 обзоров
2026-04-01 03:05:38,638 - INFO - Собрано 18 обзоров, всего 1512
2026-04-01 03:05:39,639 - INFO - Страница 85/234
2026-04-01 03:05:39,847 - INFO - https://stopgame.ru/review/p85: найдено 18 статей, извлечено 18 обзоров
2026-04-01 03:05:39,859 - INFO - Собрано 18 обзоров, всего 1530
2026-04-01 03:05:40,860 - INFO - Страница 86/234
2026-04-01 03:05:41,065 - INFO - https://stopgame.ru/review/p86: найдено 18 статей, извлечено 18 обзоров
2026-04-01 03:05:41,077 - INFO - Собрано 18 обзоров, всего 1548
2026-04-01 03:05:42,077 - INFO - Страница 87/234
2026-04-01 03:05:42,285 - INFO - https://stopgame.ru/review/p87: найдено 18 статей, извлечено 18 обзоров
2026-04-01 03:05:42,298 - INFO - Собрано 18 обзоров, всего 1566
2026-04-01 03:05:43,298 - INFO - Страница 88/234
2026-04-01 03:05:43,500 - INFO - https://stopgame.ru/review/p88: найдено 18 статей, извлечено 18 обзоров
2026-04-01 03:05:43,513 - INFO - Собрано 18 обзоров, всего 1584
2026-04-01 03:05:44,513 - INFO - Страница 89/234
2026-04-01 03:05:44,722 - INFO - https://stopgame.ru/review/p89: найдено 18 статей, извлечено 18 обзоров
2026-04-01 03:05:44,734 - INFO - Собрано 18 обзоров, всего 1602
2026-04-01 03:05:45,734 - INFO - Страница 90/234
2026-04-01 03:05:45,936 - INFO - https://stopgame.ru/review/p90: найдено 18 статей, извлечено 18 обзоров
2026-04-01 03:05:45,948 - INFO - Собрано 18 обзоров, всего 1620
2026-04-01 03:05:46,949 - INFO - Страница 91/234
2026-04-01 03:05:47,161 - INFO - https://stopgame.ru/review/p91: найдено 18 статей, извлечено 18 обзоров
2026-04-01 03:05:47,174 - INFO - Собрано 18 обзоров, всего 1638
2026-04-01 03:05:48,174 - INFO - Страница 92/234
2026-04-01 03:05:48,382 - INFO - https://stopgame.ru/review/p92: найдено 18 статей, извлечено 18 обзоров
2026-04-01 03:05:48,395 - INFO - Собрано 18 обзоров, всего 1656
2026-04-01 03:05:49,396 - INFO - Страница 93/234
2026-04-01 03:05:49,610 - INFO - https://stopgame.ru/review/p93: найдено 18 статей, извлечено 18 обзоров
2026-04-01 03:05:49,624 - INFO - Собрано 18 обзоров, всего 1674
2026-04-01 03:05:50,624 - INFO - Страница 94/234
2026-04-01 03:05:50,820 - INFO - https://stopgame.ru/review/p94: найдено 18 статей, извлечено 18 обзоров
2026-04-01 03:05:50,834 - INFO - Собрано 18 обзоров, всего 1692
2026-04-01 03:05:51,834 - INFO - Страница 95/234
2026-04-01 03:05:52,041 - INFO - https://stopgame.ru/review/p95: найдено 18 статей, извлечено 18 обзоров
2026-04-01 03:05:52,054 - INFO - Собрано 18 обзоров, всего 1710
2026-04-01 03:05:53,055 - INFO - Страница 96/234
2026-04-01 03:05:53,254 - INFO - https://stopgame.ru/review/p96: найдено 18 статей, извлечено 18 обзоров
2026-04-01 03:05:53,268 - INFO - Собрано 18 обзоров, всего 1728
2026-04-01 03:05:54,268 - INFO - Страница 97/234
2026-04-01 03:05:54,481 - INFO - https://stopgame.ru/review/p97: найдено 18 статей, извлечено 18 обзоров
2026-04-01 03:05:54,495 - INFO - Собрано 18 обзоров, всего 1746
2026-04-01 03:05:55,495 - INFO - Страница 98/234
2026-04-01 03:05:55,693 - INFO - https://stopgame.ru/review/p98: найдено 18 статей, извлечено 18 обзоров
2026-04-01 03:05:55,707 - INFO - Собрано 18 обзоров, всего 1764
2026-04-01 03:05:56,707 - INFO - Страница 99/234
2026-04-01 03:05:56,917 - INFO - https://stopgame.ru/review/p99: найдено 18 статей, извлечено 18 обзоров
2026-04-01 03:05:56,931 - INFO - Собрано 18 обзоров, всего 1782
2026-04-01 03:05:57,931 - INFO - Страница 100/234
2026-04-01 03:05:58,139 - INFO - https://stopgame.ru/review/p100: найдено 18 статей, извлечено 18 обзоров
2026-04-01 03:05:58,153 - INFO - Собрано 18 обзоров, всего 1800
2026-04-01 03:05:59,154 - INFO - Страница 101/234
2026-04-01 03:05:59,358 - INFO - https://stopgame.ru/review/p101: найдено 18 статей, извлечено 18 обзоров
2026-04-01 03:05:59,372 - INFO - Собрано 18 обзоров, всего 1818
2026-04-01 03:06:00,373 - INFO - Страница 102/234
2026-04-01 03:06:00,571 - INFO - https://stopgame.ru/review/p102: найдено 18 статей, извлечено 18 обзоров
2026-04-01 03:06:00,585 - INFO - Собрано 18 обзоров, всего 1836
2026-04-01 03:06:01,586 - INFO - Страница 103/234
2026-04-01 03:06:01,780 - INFO - https://stopgame.ru/review/p103: найдено 18 статей, извлечено 18 обзоров
2026-04-01 03:06:01,794 - INFO - Собрано 18 обзоров, всего 1854
2026-04-01 03:06:02,795 - INFO - Страница 104/234
2026-04-01 03:06:02,995 - INFO - https://stopgame.ru/review/p104: найдено 18 статей, извлечено 18 обзоров
2026-04-01 03:06:03,010 - INFO - Собрано 18 обзоров, всего 1872
2026-04-01 03:06:04,010 - INFO - Страница 105/234
2026-04-01 03:06:04,403 - INFO - https://stopgame.ru/review/p105: найдено 18 статей, извлечено 18 обзоров
2026-04-01 03:06:04,418 - INFO - Собрано 18 обзоров, всего 1890
2026-04-01 03:06:05,418 - INFO - Страница 106/234
2026-04-01 03:06:05,630 - INFO - https://stopgame.ru/review/p106: найдено 18 статей, извлечено 18 обзоров
2026-04-01 03:06:05,645 - INFO - Собрано 18 обзоров, всего 1908
2026-04-01 03:06:06,645 - INFO - Страница 107/234
2026-04-01 03:06:06,862 - INFO - https://stopgame.ru/review/p107: найдено 18 статей, извлечено 18 обзоров
2026-04-01 03:06:06,877 - INFO - Собрано 18 обзоров, всего 1926
2026-04-01 03:06:07,878 - INFO - Страница 108/234
2026-04-01 03:06:08,092 - INFO - https://stopgame.ru/review/p108: найдено 18 статей, извлечено 18 обзоров
2026-04-01 03:06:08,107 - INFO - Собрано 18 обзоров, всего 1944
2026-04-01 03:06:09,107 - INFO - Страница 109/234
2026-04-01 03:06:09,324 - INFO - https://stopgame.ru/review/p109: найдено 18 статей, извлечено 18 обзоров
2026-04-01 03:06:09,339 - INFO - Собрано 18 обзоров, всего 1962
2026-04-01 03:06:10,339 - INFO - Страница 110/234
2026-04-01 03:06:10,557 - INFO - https://stopgame.ru/review/p110: найдено 18 статей, извлечено 18 обзоров
2026-04-01 03:06:10,572 - INFO - Собрано 18 обзоров, всего 1980
2026-04-01 03:06:11,573 - INFO - Страница 111/234
2026-04-01 03:06:11,783 - INFO - https://stopgame.ru/review/p111: найдено 18 статей, извлечено 18 обзоров
2026-04-01 03:06:11,799 - INFO - Собрано 18 обзоров, всего 1998
2026-04-01 03:06:12,800 - INFO - Страница 112/234
2026-04-01 03:06:13,009 - INFO - https://stopgame.ru/review/p112: найдено 18 статей, извлечено 18 обзоров
2026-04-01 03:06:13,025 - INFO - Собрано 18 обзоров, всего 2016
2026-04-01 03:06:14,025 - INFO - Страница 113/234
2026-04-01 03:06:14,249 - INFO - https://stopgame.ru/review/p113: найдено 18 статей, извлечено 18 обзоров
2026-04-01 03:06:14,265 - INFO - Собрано 18 обзоров, всего 2034
2026-04-01 03:06:15,266 - INFO - Страница 114/234
2026-04-01 03:06:15,467 - INFO - https://stopgame.ru/review/p114: найдено 18 статей, извлечено 18 обзоров
2026-04-01 03:06:15,482 - INFO - Собрано 18 обзоров, всего 2052
2026-04-01 03:06:16,483 - INFO - Страница 115/234
2026-04-01 03:06:16,681 - INFO - https://stopgame.ru/review/p115: найдено 18 статей, извлечено 18 обзоров
2026-04-01 03:06:16,697 - INFO - Собрано 18 обзоров, всего 2070
2026-04-01 03:06:17,697 - INFO - Страница 116/234
2026-04-01 03:06:17,902 - INFO - https://stopgame.ru/review/p116: найдено 18 статей, извлечено 18 обзоров
2026-04-01 03:06:17,918 - INFO - Собрано 18 обзоров, всего 2088
2026-04-01 03:06:18,919 - INFO - Страница 117/234
2026-04-01 03:06:19,112 - INFO - https://stopgame.ru/review/p117: найдено 18 статей, извлечено 18 обзоров
2026-04-01 03:06:19,128 - INFO - Собрано 18 обзоров, всего 2106
2026-04-01 03:06:20,129 - INFO - Страница 118/234
2026-04-01 03:06:20,336 - INFO - https://stopgame.ru/review/p118: найдено 18 статей, извлечено 18 обзоров
2026-04-01 03:06:20,352 - INFO - Собрано 18 обзоров, всего 2124
2026-04-01 03:06:21,352 - INFO - Страница 119/234
2026-04-01 03:06:21,564 - INFO - https://stopgame.ru/review/p119: найдено 18 статей, извлечено 18 обзоров
2026-04-01 03:06:21,581 - INFO - Собрано 18 обзоров, всего 2142
2026-04-01 03:06:22,581 - INFO - Страница 120/234
2026-04-01 03:06:22,797 - INFO - https://stopgame.ru/review/p120: найдено 18 статей, извлечено 18 обзоров
2026-04-01 03:06:22,815 - INFO - Собрано 18 обзоров, всего 2160
2026-04-01 03:06:23,815 - INFO - Страница 121/234
2026-04-01 03:06:24,017 - INFO - https://stopgame.ru/review/p121: найдено 18 статей, извлечено 18 обзоров
2026-04-01 03:06:24,034 - INFO - Собрано 18 обзоров, всего 2178
2026-04-01 03:06:25,034 - INFO - Страница 122/234
2026-04-01 03:06:25,237 - INFO - https://stopgame.ru/review/p122: найдено 18 статей, извлечено 18 обзоров
2026-04-01 03:06:25,254 - INFO - Собрано 18 обзоров, всего 2196
2026-04-01 03:06:26,254 - INFO - Страница 123/234
2026-04-01 03:06:26,453 - INFO - https://stopgame.ru/review/p123: найдено 18 статей, извлечено 18 обзоров
2026-04-01 03:06:26,470 - INFO - Собрано 18 обзоров, всего 2214
2026-04-01 03:06:27,471 - INFO - Страница 124/234
2026-04-01 03:06:27,690 - INFO - https://stopgame.ru/review/p124: найдено 18 статей, извлечено 18 обзоров
2026-04-01 03:06:27,706 - INFO - Собрано 18 обзоров, всего 2232
2026-04-01 03:06:28,707 - INFO - Страница 125/234
2026-04-01 03:06:28,925 - INFO - https://stopgame.ru/review/p125: найдено 18 статей, извлечено 18 обзоров
2026-04-01 03:06:28,942 - INFO - Собрано 18 обзоров, всего 2250
2026-04-01 03:06:29,942 - INFO - Страница 126/234
2026-04-01 03:06:30,150 - INFO - https://stopgame.ru/review/p126: найдено 18 статей, извлечено 18 обзоров
2026-04-01 03:06:30,167 - INFO - Собрано 18 обзоров, всего 2268
2026-04-01 03:06:31,168 - INFO - Страница 127/234
2026-04-01 03:06:31,379 - INFO - https://stopgame.ru/review/p127: найдено 18 статей, извлечено 18 обзоров
2026-04-01 03:06:31,396 - INFO - Собрано 18 обзоров, всего 2286
2026-04-01 03:06:32,397 - INFO - Страница 128/234
2026-04-01 03:06:32,751 - INFO - https://stopgame.ru/review/p128: найдено 18 статей, извлечено 18 обзоров
2026-04-01 03:06:32,768 - INFO - Собрано 18 обзоров, всего 2304
2026-04-01 03:06:33,769 - INFO - Страница 129/234
2026-04-01 03:06:34,020 - INFO - https://stopgame.ru/review/p129: найдено 18 статей, извлечено 18 обзоров
2026-04-01 03:06:34,038 - INFO - Собрано 18 обзоров, всего 2322
2026-04-01 03:06:35,038 - INFO - Страница 130/234
2026-04-01 03:06:35,343 - INFO - https://stopgame.ru/review/p130: найдено 18 статей, извлечено 18 обзоров
2026-04-01 03:06:35,361 - INFO - Собрано 18 обзоров, всего 2340
2026-04-01 03:06:36,361 - INFO - Страница 131/234
2026-04-01 03:06:36,561 - INFO - https://stopgame.ru/review/p131: найдено 18 статей, извлечено 18 обзоров
2026-04-01 03:06:36,579 - INFO - Собрано 18 обзоров, всего 2358
2026-04-01 03:06:37,580 - INFO - Страница 132/234
2026-04-01 03:06:37,792 - INFO - https://stopgame.ru/review/p132: найдено 18 статей, извлечено 18 обзоров
2026-04-01 03:06:37,810 - INFO - Собрано 18 обзоров, всего 2376
2026-04-01 03:06:38,811 - INFO - Страница 133/234
2026-04-01 03:06:39,016 - INFO - https://stopgame.ru/review/p133: найдено 18 статей, извлечено 18 обзоров
2026-04-01 03:06:39,035 - INFO - Собрано 18 обзоров, всего 2394
2026-04-01 03:06:40,035 - INFO - Страница 134/234
2026-04-01 03:06:40,239 - INFO - https://stopgame.ru/review/p134: найдено 18 статей, извлечено 18 обзоров
2026-04-01 03:06:40,257 - INFO - Собрано 18 обзоров, всего 2412
2026-04-01 03:06:41,258 - INFO - Страница 135/234
2026-04-01 03:06:41,458 - INFO - https://stopgame.ru/review/p135: найдено 18 статей, извлечено 18 обзоров
2026-04-01 03:06:41,477 - INFO - Собрано 18 обзоров, всего 2430
2026-04-01 03:06:42,478 - INFO - Страница 136/234
2026-04-01 03:06:42,689 - INFO - https://stopgame.ru/review/p136: найдено 18 статей, извлечено 18 обзоров
2026-04-01 03:06:42,708 - INFO - Собрано 18 обзоров, всего 2448
2026-04-01 03:06:43,708 - INFO - Страница 137/234
2026-04-01 03:06:43,917 - INFO - https://stopgame.ru/review/p137: найдено 18 статей, извлечено 18 обзоров
2026-04-01 03:06:43,936 - INFO - Собрано 18 обзоров, всего 2466
2026-04-01 03:06:44,936 - INFO - Страница 138/234
2026-04-01 03:06:45,136 - INFO - https://stopgame.ru/review/p138: найдено 18 статей, извлечено 18 обзоров
2026-04-01 03:06:45,155 - INFO - Собрано 18 обзоров, всего 2484
2026-04-01 03:06:46,155 - INFO - Страница 139/234
2026-04-01 03:06:46,355 - INFO - https://stopgame.ru/review/p139: найдено 18 статей, извлечено 18 обзоров
2026-04-01 03:06:46,374 - INFO - Собрано 18 обзоров, всего 2502
2026-04-01 03:06:47,375 - INFO - Страница 140/234
2026-04-01 03:06:47,594 - INFO - https://stopgame.ru/review/p140: найдено 18 статей, извлечено 18 обзоров
2026-04-01 03:06:47,614 - INFO - Собрано 18 обзоров, всего 2520
2026-04-01 03:06:48,614 - INFO - Страница 141/234
2026-04-01 03:06:48,924 - INFO - https://stopgame.ru/review/p141: найдено 18 статей, извлечено 18 обзоров
2026-04-01 03:06:48,943 - INFO - Собрано 18 обзоров, всего 2538
2026-04-01 03:06:49,944 - INFO - Страница 142/234
2026-04-01 03:06:50,147 - INFO - https://stopgame.ru/review/p142: найдено 18 статей, извлечено 18 обзоров
2026-04-01 03:06:50,166 - INFO - Собрано 18 обзоров, всего 2556
2026-04-01 03:06:51,167 - INFO - Страница 143/234
2026-04-01 03:06:51,363 - INFO - https://stopgame.ru/review/p143: найдено 18 статей, извлечено 18 обзоров
2026-04-01 03:06:51,383 - INFO - Собрано 18 обзоров, всего 2574
2026-04-01 03:06:52,383 - INFO - Страница 144/234
2026-04-01 03:06:52,579 - INFO - https://stopgame.ru/review/p144: найдено 18 статей, извлечено 18 обзоров
2026-04-01 03:06:52,599 - INFO - Собрано 18 обзоров, всего 2592
2026-04-01 03:06:53,600 - INFO - Страница 145/234
2026-04-01 03:06:53,795 - INFO - https://stopgame.ru/review/p145: найдено 18 статей, извлечено 18 обзоров
2026-04-01 03:06:53,816 - INFO - Собрано 18 обзоров, всего 2610
2026-04-01 03:06:54,816 - INFO - Страница 146/234
2026-04-01 03:06:55,013 - INFO - https://stopgame.ru/review/p146: найдено 18 статей, извлечено 18 обзоров
2026-04-01 03:06:55,032 - INFO - Собрано 18 обзоров, всего 2628
2026-04-01 03:06:56,033 - INFO - Страница 147/234
2026-04-01 03:06:56,244 - INFO - https://stopgame.ru/review/p147: найдено 18 статей, извлечено 18 обзоров
2026-04-01 03:06:56,264 - INFO - Собрано 18 обзоров, всего 2646
2026-04-01 03:06:57,264 - INFO - Страница 148/234
2026-04-01 03:06:57,469 - INFO - https://stopgame.ru/review/p148: найдено 18 статей, извлечено 18 обзоров
2026-04-01 03:06:57,491 - INFO - Собрано 18 обзоров, всего 2664
2026-04-01 03:06:58,491 - INFO - Страница 149/234
2026-04-01 03:06:58,715 - INFO - https://stopgame.ru/review/p149: найдено 18 статей, извлечено 18 обзоров
2026-04-01 03:06:58,735 - INFO - Собрано 18 обзоров, всего 2682
2026-04-01 03:06:59,735 - INFO - Страница 150/234
2026-04-01 03:06:59,941 - INFO - https://stopgame.ru/review/p150: найдено 18 статей, извлечено 18 обзоров
2026-04-01 03:06:59,961 - INFO - Собрано 18 обзоров, всего 2700
2026-04-01 03:07:00,962 - INFO - Страница 151/234
2026-04-01 03:07:01,169 - INFO - https://stopgame.ru/review/p151: найдено 18 статей, извлечено 18 обзоров
2026-04-01 03:07:01,190 - INFO - Собрано 18 обзоров, всего 2718
2026-04-01 03:07:02,190 - INFO - Страница 152/234
2026-04-01 03:07:02,396 - INFO - https://stopgame.ru/review/p152: найдено 18 статей, извлечено 18 обзоров
2026-04-01 03:07:02,417 - INFO - Собрано 18 обзоров, всего 2736
2026-04-01 03:07:03,418 - INFO - Страница 153/234
2026-04-01 03:07:03,623 - INFO - https://stopgame.ru/review/p153: найдено 18 статей, извлечено 18 обзоров
2026-04-01 03:07:03,644 - INFO - Собрано 18 обзоров, всего 2754
2026-04-01 03:07:04,645 - INFO - Страница 154/234
2026-04-01 03:07:04,845 - INFO - https://stopgame.ru/review/p154: найдено 18 статей, извлечено 18 обзоров
2026-04-01 03:07:04,867 - INFO - Собрано 18 обзоров, всего 2772
2026-04-01 03:07:05,867 - INFO - Страница 155/234
2026-04-01 03:07:06,072 - INFO - https://stopgame.ru/review/p155: найдено 18 статей, извлечено 18 обзоров
2026-04-01 03:07:06,093 - INFO - Собрано 18 обзоров, всего 2790
2026-04-01 03:07:07,093 - INFO - Страница 156/234
2026-04-01 03:07:07,304 - INFO - https://stopgame.ru/review/p156: найдено 18 статей, извлечено 18 обзоров
2026-04-01 03:07:07,325 - INFO - Собрано 18 обзоров, всего 2808
2026-04-01 03:07:08,326 - INFO - Страница 157/234
2026-04-01 03:07:08,533 - INFO - https://stopgame.ru/review/p157: найдено 18 статей, извлечено 18 обзоров
2026-04-01 03:07:08,555 - INFO - Собрано 18 обзоров, всего 2826
2026-04-01 03:07:09,555 - INFO - Страница 158/234
2026-04-01 03:07:09,766 - INFO - https://stopgame.ru/review/p158: найдено 18 статей, извлечено 18 обзоров
2026-04-01 03:07:09,788 - INFO - Собрано 18 обзоров, всего 2844
2026-04-01 03:07:10,789 - INFO - Страница 159/234
2026-04-01 03:07:10,992 - INFO - https://stopgame.ru/review/p159: найдено 18 статей, извлечено 18 обзоров
2026-04-01 03:07:11,014 - INFO - Собрано 18 обзоров, всего 2862
2026-04-01 03:07:12,015 - INFO - Страница 160/234
2026-04-01 03:07:12,214 - INFO - https://stopgame.ru/review/p160: найдено 18 статей, извлечено 17 обзоров
2026-04-01 03:07:12,236 - INFO - Собрано 17 обзоров, всего 2879
2026-04-01 03:07:13,236 - INFO - Страница 161/234
2026-04-01 03:07:13,436 - INFO - https://stopgame.ru/review/p161: найдено 18 статей, извлечено 18 обзоров
2026-04-01 03:07:13,458 - INFO - Собрано 18 обзоров, всего 2897
2026-04-01 03:07:14,459 - INFO - Страница 162/234
2026-04-01 03:07:14,673 - INFO - https://stopgame.ru/review/p162: найдено 18 статей, извлечено 18 обзоров
2026-04-01 03:07:14,696 - INFO - Собрано 18 обзоров, всего 2915
2026-04-01 03:07:15,696 - INFO - Страница 163/234
2026-04-01 03:07:15,915 - INFO - https://stopgame.ru/review/p163: найдено 18 статей, извлечено 17 обзоров
2026-04-01 03:07:15,937 - INFO - Собрано 17 обзоров, всего 2932
2026-04-01 03:07:16,937 - INFO - Страница 164/234
2026-04-01 03:07:17,139 - INFO - https://stopgame.ru/review/p164: найдено 18 статей, извлечено 16 обзоров
2026-04-01 03:07:17,162 - INFO - Собрано 16 обзоров, всего 2948
2026-04-01 03:07:18,163 - INFO - Страница 165/234
2026-04-01 03:07:18,371 - INFO - https://stopgame.ru/review/p165: найдено 18 статей, извлечено 18 обзоров
2026-04-01 03:07:18,395 - INFO - Собрано 18 обзоров, всего 2966
2026-04-01 03:07:19,395 - INFO - Страница 166/234
2026-04-01 03:07:19,602 - INFO - https://stopgame.ru/review/p166: найдено 18 статей, извлечено 18 обзоров
2026-04-01 03:07:19,625 - INFO - Собрано 18 обзоров, всего 2984
2026-04-01 03:07:20,626 - INFO - Страница 167/234
2026-04-01 03:07:20,853 - INFO - https://stopgame.ru/review/p167: найдено 18 статей, извлечено 17 обзоров
2026-04-01 03:07:20,875 - INFO - Собрано 17 обзоров, всего 3001
2026-04-01 03:07:21,876 - INFO - Страница 168/234
2026-04-01 03:07:22,093 - INFO - https://stopgame.ru/review/p168: найдено 18 статей, извлечено 18 обзоров
2026-04-01 03:07:22,117 - INFO - Собрано 18 обзоров, всего 3019
2026-04-01 03:07:23,117 - INFO - Страница 169/234
2026-04-01 03:07:23,341 - INFO - https://stopgame.ru/review/p169: найдено 18 статей, извлечено 18 обзоров
2026-04-01 03:07:23,365 - INFO - Собрано 18 обзоров, всего 3037
2026-04-01 03:07:24,365 - INFO - Страница 170/234
2026-04-01 03:07:24,587 - INFO - https://stopgame.ru/review/p170: найдено 18 статей, извлечено 18 обзоров
2026-04-01 03:07:24,610 - INFO - Собрано 18 обзоров, всего 3055
2026-04-01 03:07:25,611 - INFO - Страница 171/234
2026-04-01 03:07:25,816 - INFO - https://stopgame.ru/review/p171: найдено 18 статей, извлечено 17 обзоров
2026-04-01 03:07:25,840 - INFO - Собрано 17 обзоров, всего 3072
2026-04-01 03:07:26,840 - INFO - Страница 172/234
2026-04-01 03:07:27,060 - INFO - https://stopgame.ru/review/p172: найдено 18 статей, извлечено 18 обзоров
2026-04-01 03:07:27,084 - INFO - Собрано 18 обзоров, всего 3090
2026-04-01 03:07:28,084 - INFO - Страница 173/234
2026-04-01 03:07:28,293 - INFO - https://stopgame.ru/review/p173: найдено 18 статей, извлечено 14 обзоров
2026-04-01 03:07:28,316 - INFO - Собрано 14 обзоров, всего 3104
2026-04-01 03:07:29,317 - INFO - Страница 174/234
2026-04-01 03:07:29,546 - INFO - https://stopgame.ru/review/p174: найдено 18 статей, извлечено 18 обзоров
2026-04-01 03:07:29,570 - INFO - Собрано 18 обзоров, всего 3122
2026-04-01 03:07:30,570 - INFO - Страница 175/234
2026-04-01 03:07:30,779 - INFO - https://stopgame.ru/review/p175: найдено 18 статей, извлечено 18 обзоров
2026-04-01 03:07:30,803 - INFO - Собрано 18 обзоров, всего 3140
2026-04-01 03:07:31,803 - INFO - Страница 176/234
2026-04-01 03:07:32,017 - INFO - https://stopgame.ru/review/p176: найдено 18 статей, извлечено 18 обзоров
2026-04-01 03:07:32,041 - INFO - Собрано 18 обзоров, всего 3158
2026-04-01 03:07:33,042 - INFO - Страница 177/234
2026-04-01 03:07:33,246 - INFO - https://stopgame.ru/review/p177: найдено 18 статей, извлечено 18 обзоров
2026-04-01 03:07:33,271 - INFO - Собрано 18 обзоров, всего 3176
2026-04-01 03:07:34,271 - INFO - Страница 178/234
2026-04-01 03:07:34,482 - INFO - https://stopgame.ru/review/p178: найдено 18 статей, извлечено 17 обзоров
2026-04-01 03:07:34,507 - INFO - Собрано 17 обзоров, всего 3193
2026-04-01 03:07:35,507 - INFO - Страница 179/234
2026-04-01 03:07:35,715 - INFO - https://stopgame.ru/review/p179: найдено 18 статей, извлечено 16 обзоров
2026-04-01 03:07:35,740 - INFO - Собрано 16 обзоров, всего 3209
2026-04-01 03:07:36,740 - INFO - Страница 180/234
2026-04-01 03:07:36,945 - INFO - https://stopgame.ru/review/p180: найдено 18 статей, извлечено 18 обзоров
2026-04-01 03:07:36,971 - INFO - Собрано 18 обзоров, всего 3227
2026-04-01 03:07:37,971 - INFO - Страница 181/234
2026-04-01 03:07:38,178 - INFO - https://stopgame.ru/review/p181: найдено 18 статей, извлечено 16 обзоров
2026-04-01 03:07:38,202 - INFO - Собрано 16 обзоров, всего 3243
2026-04-01 03:07:39,203 - INFO - Страница 182/234
2026-04-01 03:07:39,415 - INFO - https://stopgame.ru/review/p182: найдено 18 статей, извлечено 17 обзоров
2026-04-01 03:07:39,440 - INFO - Собрано 17 обзоров, всего 3260
2026-04-01 03:07:40,440 - INFO - Страница 183/234
2026-04-01 03:07:40,663 - INFO - https://stopgame.ru/review/p183: найдено 18 статей, извлечено 16 обзоров
2026-04-01 03:07:40,688 - INFO - Собрано 16 обзоров, всего 3276
2026-04-01 03:07:41,688 - INFO - Страница 184/234
2026-04-01 03:07:41,899 - INFO - https://stopgame.ru/review/p184: найдено 18 статей, извлечено 17 обзоров
2026-04-01 03:07:41,925 - INFO - Собрано 17 обзоров, всего 3293
2026-04-01 03:07:42,926 - INFO - Страница 185/234
2026-04-01 03:07:43,134 - INFO - https://stopgame.ru/review/p185: найдено 18 статей, извлечено 14 обзоров
2026-04-01 03:07:43,159 - INFO - Собрано 14 обзоров, всего 3307
2026-04-01 03:07:44,159 - INFO - Страница 186/234
2026-04-01 03:07:44,381 - INFO - https://stopgame.ru/review/p186: найдено 18 статей, извлечено 15 обзоров
2026-04-01 03:07:44,406 - INFO - Собрано 15 обзоров, всего 3322
2026-04-01 03:07:45,407 - INFO - Страница 187/234
2026-04-01 03:07:45,637 - INFO - https://stopgame.ru/review/p187: найдено 18 статей, извлечено 15 обзоров
2026-04-01 03:07:45,663 - INFO - Собрано 15 обзоров, всего 3337
2026-04-01 03:07:46,663 - INFO - Страница 188/234
2026-04-01 03:07:46,868 - INFO - https://stopgame.ru/review/p188: найдено 18 статей, извлечено 18 обзоров
2026-04-01 03:07:46,894 - INFO - Собрано 18 обзоров, всего 3355
2026-04-01 03:07:47,895 - INFO - Страница 189/234
2026-04-01 03:07:48,095 - INFO - https://stopgame.ru/review/p189: найдено 18 статей, извлечено 18 обзоров
2026-04-01 03:07:48,121 - INFO - Собрано 18 обзоров, всего 3373
2026-04-01 03:07:49,121 - INFO - Страница 190/234
2026-04-01 03:07:49,346 - INFO - https://stopgame.ru/review/p190: найдено 18 статей, извлечено 18 обзоров
2026-04-01 03:07:49,375 - INFO - Собрано 18 обзоров, всего 3391
2026-04-01 03:07:50,375 - INFO - Страница 191/234
2026-04-01 03:07:50,594 - INFO - https://stopgame.ru/review/p191: найдено 18 статей, извлечено 18 обзоров
2026-04-01 03:07:50,620 - INFO - Собрано 18 обзоров, всего 3409
2026-04-01 03:07:51,620 - INFO - Страница 192/234
2026-04-01 03:07:51,826 - INFO - https://stopgame.ru/review/p192: найдено 18 статей, извлечено 16 обзоров
2026-04-01 03:07:51,853 - INFO - Собрано 16 обзоров, всего 3425
2026-04-01 03:07:52,853 - INFO - Страница 193/234
2026-04-01 03:07:53,062 - INFO - https://stopgame.ru/review/p193: найдено 18 статей, извлечено 15 обзоров
2026-04-01 03:07:53,089 - INFO - Собрано 15 обзоров, всего 3440
2026-04-01 03:07:54,089 - INFO - Страница 194/234
2026-04-01 03:07:54,290 - INFO - https://stopgame.ru/review/p194: найдено 18 статей, извлечено 16 обзоров
2026-04-01 03:07:54,317 - INFO - Собрано 16 обзоров, всего 3456
2026-04-01 03:07:55,318 - INFO - Страница 195/234
2026-04-01 03:07:55,550 - INFO - https://stopgame.ru/review/p195: найдено 18 статей, извлечено 16 обзоров
2026-04-01 03:07:55,577 - INFO - Собрано 16 обзоров, всего 3472
2026-04-01 03:07:56,578 - INFO - Страница 196/234
2026-04-01 03:07:56,782 - INFO - https://stopgame.ru/review/p196: найдено 18 статей, извлечено 15 обзоров
2026-04-01 03:07:56,808 - INFO - Собрано 15 обзоров, всего 3487
2026-04-01 03:07:57,809 - INFO - Страница 197/234
2026-04-01 03:07:58,063 - INFO - https://stopgame.ru/review/p197: найдено 18 статей, извлечено 14 обзоров
2026-04-01 03:07:58,090 - INFO - Собрано 14 обзоров, всего 3501
2026-04-01 03:07:59,090 - INFO - Страница 198/234
2026-04-01 03:07:59,299 - INFO - https://stopgame.ru/review/p198: найдено 18 статей, извлечено 15 обзоров
2026-04-01 03:07:59,325 - INFO - Собрано 15 обзоров, всего 3516
2026-04-01 03:08:00,326 - INFO - Страница 199/234
2026-04-01 03:08:00,539 - INFO - https://stopgame.ru/review/p199: найдено 18 статей, извлечено 13 обзоров
2026-04-01 03:08:00,565 - INFO - Собрано 13 обзоров, всего 3529
2026-04-01 03:08:01,566 - INFO - Страница 200/234
2026-04-01 03:08:01,801 - INFO - https://stopgame.ru/review/p200: найдено 18 статей, извлечено 13 обзоров
2026-04-01 03:08:01,829 - INFO - Собрано 13 обзоров, всего 3542
2026-04-01 03:08:02,829 - INFO - Страница 201/234
2026-04-01 03:08:03,189 - INFO - https://stopgame.ru/review/p201: найдено 18 статей, извлечено 11 обзоров
2026-04-01 03:08:03,216 - INFO - Собрано 11 обзоров, всего 3553
2026-04-01 03:08:04,217 - INFO - Страница 202/234
2026-04-01 03:08:06,492 - INFO - https://stopgame.ru/review/p202: найдено 18 статей, извлечено 12 обзоров
2026-04-01 03:08:06,519 - INFO - Собрано 12 обзоров, всего 3565
2026-04-01 03:08:07,520 - INFO - Страница 203/234
2026-04-01 03:08:07,805 - INFO - https://stopgame.ru/review/p203: найдено 18 статей, извлечено 10 обзоров
2026-04-01 03:08:07,832 - INFO - Собрано 10 обзоров, всего 3575
2026-04-01 03:08:08,833 - INFO - Страница 204/234
2026-04-01 03:08:09,225 - INFO - https://stopgame.ru/review/p204: найдено 18 статей, извлечено 10 обзоров
2026-04-01 03:08:09,253 - INFO - Собрано 10 обзоров, всего 3585
2026-04-01 03:08:10,253 - INFO - Страница 205/234
2026-04-01 03:08:10,503 - INFO - https://stopgame.ru/review/p205: найдено 18 статей, извлечено 14 обзоров
2026-04-01 03:08:10,530 - INFO - Собрано 14 обзоров, всего 3599
2026-04-01 03:08:11,531 - INFO - Страница 206/234
2026-04-01 03:08:11,931 - INFO - https://stopgame.ru/review/p206: найдено 18 статей, извлечено 10 обзоров
2026-04-01 03:08:11,958 - INFO - Собрано 10 обзоров, всего 3609
2026-04-01 03:08:12,958 - INFO - Страница 207/234
2026-04-01 03:08:13,178 - INFO - https://stopgame.ru/review/p207: найдено 18 статей, извлечено 13 обзоров
2026-04-01 03:08:13,205 - INFO - Собрано 13 обзоров, всего 3622
2026-04-01 03:08:14,206 - INFO - Страница 208/234
2026-04-01 03:08:14,430 - INFO - https://stopgame.ru/review/p208: найдено 18 статей, извлечено 15 обзоров
2026-04-01 03:08:14,458 - INFO - Собрано 15 обзоров, всего 3637
2026-04-01 03:08:15,458 - INFO - Страница 209/234
2026-04-01 03:08:15,687 - INFO - https://stopgame.ru/review/p209: найдено 18 статей, извлечено 16 обзоров
2026-04-01 03:08:15,715 - INFO - Собрано 16 обзоров, всего 3653
2026-04-01 03:08:16,715 - INFO - Страница 210/234
2026-04-01 03:08:16,929 - INFO - https://stopgame.ru/review/p210: найдено 18 статей, извлечено 16 обзоров
2026-04-01 03:08:16,957 - INFO - Собрано 16 обзоров, всего 3669
2026-04-01 03:08:17,958 - INFO - Страница 211/234
2026-04-01 03:08:18,176 - INFO - https://stopgame.ru/review/p211: найдено 18 статей, извлечено 15 обзоров
2026-04-01 03:08:18,204 - INFO - Собрано 15 обзоров, всего 3684
2026-04-01 03:08:19,204 - INFO - Страница 212/234
2026-04-01 03:08:19,414 - INFO - https://stopgame.ru/review/p212: найдено 18 статей, извлечено 12 обзоров
2026-04-01 03:08:19,442 - INFO - Собрано 12 обзоров, всего 3696
2026-04-01 03:08:20,442 - INFO - Страница 213/234
2026-04-01 03:08:20,652 - INFO - https://stopgame.ru/review/p213: найдено 18 статей, извлечено 11 обзоров
2026-04-01 03:08:20,680 - INFO - Собрано 11 обзоров, всего 3707
2026-04-01 03:08:21,680 - INFO - Страница 214/234
2026-04-01 03:08:21,897 - INFO - https://stopgame.ru/review/p214: найдено 18 статей, извлечено 11 обзоров
2026-04-01 03:08:21,925 - INFO - Собрано 11 обзоров, всего 3718
2026-04-01 03:08:22,925 - INFO - Страница 215/234
2026-04-01 03:08:23,141 - INFO - https://stopgame.ru/review/p215: найдено 18 статей, извлечено 13 обзоров
2026-04-01 03:08:23,169 - INFO - Собрано 13 обзоров, всего 3731
2026-04-01 03:08:24,169 - INFO - Страница 216/234
2026-04-01 03:08:24,381 - INFO - https://stopgame.ru/review/p216: найдено 18 статей, извлечено 10 обзоров
2026-04-01 03:08:24,411 - INFO - Собрано 10 обзоров, всего 3741
2026-04-01 03:08:25,411 - INFO - Страница 217/234
2026-04-01 03:08:25,628 - INFO - https://stopgame.ru/review/p217: найдено 18 статей, извлечено 10 обзоров
2026-04-01 03:08:25,657 - INFO - Собрано 10 обзоров, всего 3751
2026-04-01 03:08:26,657 - INFO - Страница 218/234
2026-04-01 03:08:26,866 - INFO - https://stopgame.ru/review/p218: найдено 18 статей, извлечено 13 обзоров
2026-04-01 03:08:26,895 - INFO - Собрано 13 обзоров, всего 3764
2026-04-01 03:08:27,895 - INFO - Страница 219/234
2026-04-01 03:08:28,102 - INFO - https://stopgame.ru/review/p219: найдено 18 статей, извлечено 15 обзоров
2026-04-01 03:08:28,131 - INFO - Собрано 15 обзоров, всего 3779
2026-04-01 03:08:29,131 - INFO - Страница 220/234
2026-04-01 03:08:29,348 - INFO - https://stopgame.ru/review/p220: найдено 18 статей, извлечено 15 обзоров
2026-04-01 03:08:29,376 - INFO - Собрано 15 обзоров, всего 3794
2026-04-01 03:08:30,377 - INFO - Страница 221/234
2026-04-01 03:08:30,593 - INFO - https://stopgame.ru/review/p221: найдено 18 статей, извлечено 6 обзоров
2026-04-01 03:08:30,622 - INFO - Собрано 6 обзоров, всего 3800
2026-04-01 03:08:31,623 - INFO - Страница 222/234
2026-04-01 03:08:31,829 - INFO - https://stopgame.ru/review/p222: найдено 18 статей, извлечено 10 обзоров
2026-04-01 03:08:31,858 - INFO - Собрано 10 обзоров, всего 3810
2026-04-01 03:08:32,858 - INFO - Страница 223/234
2026-04-01 03:08:33,070 - INFO - https://stopgame.ru/review/p223: найдено 18 статей, извлечено 9 обзоров
2026-04-01 03:08:33,099 - INFO - Собрано 9 обзоров, всего 3819
2026-04-01 03:08:34,099 - INFO - Страница 224/234
2026-04-01 03:08:34,317 - INFO - https://stopgame.ru/review/p224: найдено 18 статей, извлечено 9 обзоров
2026-04-01 03:08:34,346 - INFO - Собрано 9 обзоров, всего 3828
2026-04-01 03:08:35,347 - INFO - Страница 225/234
2026-04-01 03:08:35,554 - INFO - https://stopgame.ru/review/p225: найдено 18 статей, извлечено 15 обзоров
2026-04-01 03:08:35,583 - INFO - Собрано 15 обзоров, всего 3843
2026-04-01 03:08:36,583 - INFO - Страница 226/234
2026-04-01 03:08:36,822 - INFO - https://stopgame.ru/review/p226: найдено 18 статей, извлечено 14 обзоров
2026-04-01 03:08:36,852 - INFO - Собрано 14 обзоров, всего 3857
2026-04-01 03:08:37,852 - INFO - Страница 227/234
2026-04-01 03:08:38,072 - INFO - https://stopgame.ru/review/p227: найдено 18 статей, извлечено 17 обзоров
2026-04-01 03:08:38,103 - INFO - Собрано 17 обзоров, всего 3874
2026-04-01 03:08:39,103 - INFO - Страница 228/234
2026-04-01 03:08:39,326 - INFO - https://stopgame.ru/review/p228: найдено 18 статей, извлечено 15 обзоров
2026-04-01 03:08:39,355 - INFO - Собрано 15 обзоров, всего 3889
2026-04-01 03:08:40,356 - INFO - Страница 229/234
2026-04-01 03:08:40,564 - INFO - https://stopgame.ru/review/p229: найдено 18 статей, извлечено 8 обзоров
2026-04-01 03:08:40,593 - INFO - Собрано 8 обзоров, всего 3897
2026-04-01 03:08:41,594 - INFO - Страница 230/234
2026-04-01 03:08:41,807 - INFO - https://stopgame.ru/review/p230: найдено 18 статей, извлечено 10 обзоров
2026-04-01 03:08:41,836 - INFO - Собрано 10 обзоров, всего 3907
2026-04-01 03:08:42,836 - INFO - Страница 231/234
2026-04-01 03:08:43,047 - INFO - https://stopgame.ru/review/p231: найдено 18 статей, извлечено 14 обзоров
2026-04-01 03:08:43,078 - INFO - Собрано 14 обзоров, всего 3921
2026-04-01 03:08:44,079 - INFO - Страница 232/234
2026-04-01 03:08:44,302 - INFO - https://stopgame.ru/review/p232: найдено 18 статей, извлечено 17 обзоров
2026-04-01 03:08:44,332 - INFO - Собрано 17 обзоров, всего 3938
2026-04-01 03:08:45,333 - INFO - Страница 233/234
2026-04-01 03:08:45,546 - INFO - https://stopgame.ru/review/p233: найдено 18 статей, извлечено 11 обзоров
2026-04-01 03:08:45,576 - INFO - Собрано 11 обзоров, всего 3949
2026-04-01 03:08:46,576 - INFO - Страница 234/234
2026-04-01 03:08:46,790 - INFO - https://stopgame.ru/review/p234: найдено 16 статей, извлечено 8 обзоров
2026-04-01 03:08:46,819 - INFO - Собрано 8 обзоров, всего 3957
2026-04-01 03:08:46,820 - INFO - Завершено за 288.13 сек, собрано 3957 обзоров
2026-04-01 03:08:46,848 - INFO - Сохранено 3957 обзоров в stopgame_reviews.json
2026-04-01 03:08:46,870 - INFO - Сохранено 3957 обзоров в stopgame_reviews.csv
